<!DOCTYPE html PUBLIC "-//W3C//DTD XHTML 1.1//EN" "http://www.w3.org/TR/xhtml11/DTD/xhtml11.dtd">
<html xmlns="http://www.w3.org/1999/xhtml"><head><title>TestNG Report</title><style type="text/css">table {margin-bottom:10px;border-collapse:collapse;empty-cells:show}th,td {border:1px solid #009;padding:.25em .5em}th {vertical-align:bottom}td {vertical-align:top}table a {font-weight:bold}.stripe td {background-color: #E6EBF9}.num {text-align:right}.passedodd td {background-color: #3F3}.passedeven td {background-color: #0A0}.skippedodd td {background-color: #DDD}.skippedeven td {background-color: #CCC}.failedodd td,.attn {background-color: #F33}.failedeven td,.stripe .attn {background-color: #D00}.stacktrace {white-space:pre;font-family:monospace}.totop {font-size:85%;text-align:center;border-bottom:2px solid #000}</style></head><body><table><tr><th>Test</th><th># Passed</th><th># Skipped</th><th># Failed</th><th>Time (ms)</th><th>Included Groups</th><th>Excluded Groups</th></tr><tr><th colspan="7">Default suite</th></tr><tr><td><a href="#t0">Default test</a></td><td class="num">14</td><td class="num">0</td><td class="num attn">2</td><td class="num">168,162</td><td></td><td></td></tr></table><table><thead><tr><th>Class</th><th>Method</th><th>Start</th><th>Time (ms)</th></tr></thead><tbody><tr><th colspan="4">Default suite</th></tr></tbody><tbody id="t0"><tr><th colspan="4">Default test &#8212; failed</th></tr><tr class="failedeven"><td rowspan="2">allureTest.AllureReportsDemo</td><td><a href="#m0">Dog2</a></td><td rowspan="1">1596923020773</td><td rowspan="1">9658</td></tr><tr class="failedeven"><td><a href="#m1">Dog22</a></td><td rowspan="1">1596923030445</td><td rowspan="1">14320</td></tr><tr><th colspan="4">Default test &#8212; passed</th></tr><tr class="passedeven"><td rowspan="14">allureTest.AllureReportsDemo</td><td><a href="#m2">App</a></td><td rowspan="1">1596922907734</td><td rowspan="1">4764</td></tr><tr class="passedeven"><td><a href="#m3">App2</a></td><td rowspan="1">1596922912886</td><td rowspan="1">4238</td></tr><tr class="passedeven"><td><a href="#m4">App22</a></td><td rowspan="1">1596922917129</td><td rowspan="1">3918</td></tr><tr class="passedeven"><td><a href="#m5">App222</a></td><td rowspan="1">1596922921182</td><td rowspan="1">4200</td></tr><tr class="passedeven"><td><a href="#m6">Bal</a></td><td rowspan="1">1596922925386</td><td rowspan="1">4433</td></tr><tr class="passedeven"><td><a href="#m7">Bal2</a></td><td rowspan="1">1596922929821</td><td rowspan="1">4730</td></tr><tr class="passedeven"><td><a href="#m8">Bal22</a></td><td rowspan="1">1596922934555</td><td rowspan="1">4677</td></tr><tr class="passedeven"><td><a href="#m9">Bal222</a></td><td rowspan="1">1596922939253</td><td rowspan="1">3770</td></tr><tr class="passedeven"><td><a href="#m10">Cat</a></td><td rowspan="1">1596922943027</td><td rowspan="1">17939</td></tr><tr class="passedeven"><td><a href="#m11">Cat2</a></td><td rowspan="1">1596922960974</td><td rowspan="1">9564</td></tr><tr class="passedeven"><td><a href="#m12">Cat22</a></td><td rowspan="1">1596922970542</td><td rowspan="1">8743</td></tr><tr class="passedeven"><td><a href="#m13">Cat2222</a></td><td rowspan="1">1596922979325</td><td rowspan="1">15759</td></tr><tr class="passedeven"><td><a href="#m14">Dog</a></td><td rowspan="1">1596922995089</td><td rowspan="1">25681</td></tr><tr class="passedeven"><td><a href="#m15">Dog222</a></td><td rowspan="1">1596923044914</td><td rowspan="1">30914</td></tr></tbody></table><h2>Default test</h2><h3 id="m0">allureTest.AllureReportsDemo#Dog2</h3><table class="result"><tr><th>Exception</th></tr><tr><td><div class="stacktrace">org.openqa.selenium.WebDriverException: Reached error page: about:neterror?e=dnsNotFound&amp;u=https%3A//demo.opencartsd.com/&amp;c=UTF-8&amp;d=We%20can%E2%80%99t%20connect%20to%20the%20server%20at%20demo.opencartsd.com.
Build info: version: &apos;3.141.59&apos;, revision: &apos;e82be7d358&apos;, time: &apos;2018-11-14T08:17:03&apos;
System info: host: &apos;DESKTOP-OR6VU5V&apos;, ip: &apos;192.168.2.5&apos;, os.name: &apos;Windows 10&apos;, os.arch: &apos;amd64&apos;, os.version: &apos;10.0&apos;, java.version: &apos;1.8.0_202&apos;
Driver info: org.openqa.selenium.firefox.FirefoxDriver
Capabilities {acceptInsecureCerts: true, browserName: firefox, browserVersion: 79.0, javascriptEnabled: true, moz:accessibilityChecks: false, moz:buildID: 20200720193547, moz:geckodriverVersion: 0.27.0, moz:headless: false, moz:processID: 36328, moz:profile: C:\Users\bnuft\AppData\Loca..., moz:shutdownTimeout: 60000, moz:useNonSpecCompliantPointerOrigin: false, moz:webdriverClick: true, pageLoadStrategy: normal, platform: WINDOWS, platformName: WINDOWS, platformVersion: 10.0, rotatable: false, setWindowRect: true, strictFileInteractability: false, timeouts: {implicit: 0, pageLoad: 300000, script: 30000}, unhandledPromptBehavior: dismiss and notify}
Session ID: aa4cf4f2-c38c-4130-bd00-8d272363d167
	at sun.reflect.NativeConstructorAccessorImpl.newInstance0(Native Method)
	at sun.reflect.NativeConstructorAccessorImpl.newInstance(NativeConstructorAccessorImpl.java:62)
	at sun.reflect.DelegatingConstructorAccessorImpl.newInstance(DelegatingConstructorAccessorImpl.java:45)
	at java.lang.reflect.Constructor.newInstance(Constructor.java:423)
	at org.openqa.selenium.remote.http.W3CHttpResponseCodec.createException(W3CHttpResponseCodec.java:187)
	at org.openqa.selenium.remote.http.W3CHttpResponseCodec.decode(W3CHttpResponseCodec.java:122)
	at org.openqa.selenium.remote.http.W3CHttpResponseCodec.decode(W3CHttpResponseCodec.java:49)
	at org.openqa.selenium.remote.HttpCommandExecutor.execute(HttpCommandExecutor.java:158)
	at org.openqa.selenium.remote.service.DriverCommandExecutor.execute(DriverCommandExecutor.java:83)
	at org.openqa.selenium.remote.RemoteWebDriver.execute(RemoteWebDriver.java:552)
	at org.openqa.selenium.remote.RemoteWebDriver.get(RemoteWebDriver.java:277)
	at allureTest.AllureReportsDemo.Dog2(AllureReportsDemo.java:103)
	at sun.reflect.NativeMethodAccessorImpl.invoke0(Native Method)
	at sun.reflect.NativeMethodAccessorImpl.invoke(NativeMethodAccessorImpl.java:62)
	at sun.reflect.DelegatingMethodAccessorImpl.invoke(DelegatingMethodAccessorImpl.java:43)
	at java.lang.reflect.Method.invoke(Method.java:498)
	at org.testng.internal.MethodInvocationHelper.invokeMethod(MethodInvocationHelper.java:86)
	at org.testng.internal.Invoker.invokeMethod(Invoker.java:645)
	at org.testng.internal.Invoker.invokeTestMethod(Invoker.java:822)
	at org.testng.internal.Invoker.invokeTestMethods(Invoker.java:1130)
	at org.testng.internal.TestMethodWorker.invokeTestMethods(TestMethodWorker.java:129)
	at org.testng.internal.TestMethodWorker.run(TestMethodWorker.java:112)
	at org.testng.TestRunner.privateRun(TestRunner.java:782)
	at org.testng.TestRunner.run(TestRunner.java:632)
	at org.testng.SuiteRunner.runTest(SuiteRunner.java:366)
	at org.testng.SuiteRunner.runSequentially(SuiteRunner.java:361)
	at org.testng.SuiteRunner.privateRun(SuiteRunner.java:319)
	at org.testng.SuiteRunner.run(SuiteRunner.java:268)
	at org.testng.SuiteRunnerWorker.runSuite(SuiteRunnerWorker.java:52)
	at org.testng.SuiteRunnerWorker.run(SuiteRunnerWorker.java:86)
	at org.testng.TestNG.runSuitesSequentially(TestNG.java:1244)
	at org.testng.TestNG.runSuitesLocally(TestNG.java:1169)
	at org.testng.TestNG.run(TestNG.java:1064)
	at org.testng.remote.RemoteTestNG.run(RemoteTestNG.java:113)
	at org.testng.remote.RemoteTestNG.initAndRun(RemoteTestNG.java:206)
	at org.testng.remote.RemoteTestNG.main(RemoteTestNG.java:177)
</div></td></tr></table><p class="totop"><a href="#summary">back to summary</a></p><h3 id="m1">allureTest.AllureReportsDemo#Dog22</h3><table class="result"><tr><th>Exception</th></tr><tr><td><div class="stacktrace">org.openqa.selenium.WebDriverException: Reached error page: about:neterror?e=dnsNotFound&amp;u=https%3A//demo.opencartsd.com/&amp;c=UTF-8&amp;d=We%20can%E2%80%99t%20connect%20to%20the%20server%20at%20demo.opencartsd.com.
Build info: version: &apos;3.141.59&apos;, revision: &apos;e82be7d358&apos;, time: &apos;2018-11-14T08:17:03&apos;
System info: host: &apos;DESKTOP-OR6VU5V&apos;, ip: &apos;192.168.2.5&apos;, os.name: &apos;Windows 10&apos;, os.arch: &apos;amd64&apos;, os.version: &apos;10.0&apos;, java.version: &apos;1.8.0_202&apos;
Driver info: org.openqa.selenium.firefox.FirefoxDriver
Capabilities {acceptInsecureCerts: true, browserName: firefox, browserVersion: 79.0, javascriptEnabled: true, moz:accessibilityChecks: false, moz:buildID: 20200720193547, moz:geckodriverVersion: 0.27.0, moz:headless: false, moz:processID: 38452, moz:profile: C:\Users\bnuft\AppData\Loca..., moz:shutdownTimeout: 60000, moz:useNonSpecCompliantPointerOrigin: false, moz:webdriverClick: true, pageLoadStrategy: normal, platform: WINDOWS, platformName: WINDOWS, platformVersion: 10.0, rotatable: false, setWindowRect: true, strictFileInteractability: false, timeouts: {implicit: 0, pageLoad: 300000, script: 30000}, unhandledPromptBehavior: dismiss and notify}
Session ID: 0656d1e7-3a10-414f-be05-c0033c2d0fe5
	at sun.reflect.NativeConstructorAccessorImpl.newInstance0(Native Method)
	at sun.reflect.NativeConstructorAccessorImpl.newInstance(NativeConstructorAccessorImpl.java:62)
	at sun.reflect.DelegatingConstructorAccessorImpl.newInstance(DelegatingConstructorAccessorImpl.java:45)
	at java.lang.reflect.Constructor.newInstance(Constructor.java:423)
	at org.openqa.selenium.remote.http.W3CHttpResponseCodec.createException(W3CHttpResponseCodec.java:187)
	at org.openqa.selenium.remote.http.W3CHttpResponseCodec.decode(W3CHttpResponseCodec.java:122)
	at org.openqa.selenium.remote.http.W3CHttpResponseCodec.decode(W3CHttpResponseCodec.java:49)
	at org.openqa.selenium.remote.HttpCommandExecutor.execute(HttpCommandExecutor.java:158)
	at org.openqa.selenium.remote.service.DriverCommandExecutor.execute(DriverCommandExecutor.java:83)
	at org.openqa.selenium.remote.RemoteWebDriver.execute(RemoteWebDriver.java:552)
	at org.openqa.selenium.remote.RemoteWebDriver.get(RemoteWebDriver.java:277)
	at allureTest.AllureReportsDemo.Dog22(AllureReportsDemo.java:203)
	at sun.reflect.NativeMethodAccessorImpl.invoke0(Native Method)
	at sun.reflect.NativeMethodAccessorImpl.invoke(NativeMethodAccessorImpl.java:62)
	at sun.reflect.DelegatingMethodAccessorImpl.invoke(DelegatingMethodAccessorImpl.java:43)
	at java.lang.reflect.Method.invoke(Method.java:498)
	at org.testng.internal.MethodInvocationHelper.invokeMethod(MethodInvocationHelper.java:86)
	at org.testng.internal.Invoker.invokeMethod(Invoker.java:645)
	at org.testng.internal.Invoker.invokeTestMethod(Invoker.java:822)
	at org.testng.internal.Invoker.invokeTestMethods(Invoker.java:1130)
	at org.testng.internal.TestMethodWorker.invokeTestMethods(TestMethodWorker.java:129)
	at org.testng.internal.TestMethodWorker.run(TestMethodWorker.java:112)
	at org.testng.TestRunner.privateRun(TestRunner.java:782)
	at org.testng.TestRunner.run(TestRunner.java:632)
	at org.testng.SuiteRunner.runTest(SuiteRunner.java:366)
	at org.testng.SuiteRunner.runSequentially(SuiteRunner.java:361)
	at org.testng.SuiteRunner.privateRun(SuiteRunner.java:319)
	at org.testng.SuiteRunner.run(SuiteRunner.java:268)
	at org.testng.SuiteRunnerWorker.runSuite(SuiteRunnerWorker.java:52)
	at org.testng.SuiteRunnerWorker.run(SuiteRunnerWorker.java:86)
	at org.testng.TestNG.runSuitesSequentially(TestNG.java:1244)
	at org.testng.TestNG.runSuitesLocally(TestNG.java:1169)
	at org.testng.TestNG.run(TestNG.java:1064)
	at org.testng.remote.RemoteTestNG.run(RemoteTestNG.java:113)
	at org.testng.remote.RemoteTestNG.initAndRun(RemoteTestNG.java:206)
	at org.testng.remote.RemoteTestNG.main(RemoteTestNG.java:177)
</div></td></tr></table><p class="totop"><a href="#summary">back to summary</a></p><h3 id="m2">allureTest.AllureReportsDemo#App</h3><table class="result"></table><p class="totop"><a href="#summary">back to summary</a></p><h3 id="m3">allureTest.AllureReportsDemo#App2</h3><table class="result"></table><p class="totop"><a href="#summary">back to summary</a></p><h3 id="m4">allureTest.AllureReportsDemo#App22</h3><table class="result"></table><p class="totop"><a href="#summary">back to summary</a></p><h3 id="m5">allureTest.AllureReportsDemo#App222</h3><table class="result"></table><p class="totop"><a href="#summary">back to summary</a></p><h3 id="m6">allureTest.AllureReportsDemo#Bal</h3><table class="result"></table><p class="totop"><a href="#summary">back to summary</a></p><h3 id="m7">allureTest.AllureReportsDemo#Bal2</h3><table class="result"></table><p class="totop"><a href="#summary">back to summary</a></p><h3 id="m8">allureTest.AllureReportsDemo#Bal22</h3><table class="result"></table><p class="totop"><a href="#summary">back to summary</a></p><h3 id="m9">allureTest.AllureReportsDemo#Bal222</h3><table class="result"></table><p class="totop"><a href="#summary">back to summary</a></p><h3 id="m10">allureTest.AllureReportsDemo#Cat</h3><table class="result"></table><p class="totop"><a href="#summary">back to summary</a></p><h3 id="m11">allureTest.AllureReportsDemo#Cat2</h3><table class="result"></table><p class="totop"><a href="#summary">back to summary</a></p><h3 id="m12">allureTest.AllureReportsDemo#Cat22</h3><table class="result"></table><p class="totop"><a href="#summary">back to summary</a></p><h3 id="m13">allureTest.AllureReportsDemo#Cat2222</h3><table class="result"></table><p class="totop"><a href="#summary">back to summary</a></p><h3 id="m14">allureTest.AllureReportsDemo#Dog</h3><table class="result"></table><p class="totop"><a href="#summary">back to summary</a></p><h3 id="m15">allureTest.AllureReportsDemo#Dog222</h3><table class="result"></table><p class="totop"><a href="#summary">back to summary</a></p></body></html>