<?xml version="1.0" encoding="UTF-8"?>
<testng-results skipped="0" failed="2" total="16" passed="14">
  <reporter-output>
  </reporter-output>
  <suite name="Default suite" duration-ms="168162" started-at="2020-08-08T21:41:47Z" finished-at="2020-08-08T21:44:35Z">
    <groups>
    </groups>
    <test name="Default test" duration-ms="168162" started-at="2020-08-08T21:41:47Z" finished-at="2020-08-08T21:44:35Z">
      <class name="allureTest.AllureReportsDemo">
        <test-method status="PASS" signature="App()[pri:0, instance:allureTest.AllureReportsDemo@5e955596]" name="App" duration-ms="4764" started-at="2020-08-09T03:11:47Z" finished-at="2020-08-09T03:11:52Z">
          <reporter-output>
          </reporter-output>
        </test-method> <!-- App -->
        <test-method status="PASS" signature="App2()[pri:0, instance:allureTest.AllureReportsDemo@5e955596]" name="App2" duration-ms="4238" started-at="2020-08-09T03:11:52Z" finished-at="2020-08-09T03:11:57Z">
          <reporter-output>
          </reporter-output>
        </test-method> <!-- App2 -->
        <test-method status="PASS" signature="App22()[pri:0, instance:allureTest.AllureReportsDemo@5e955596]" name="App22" duration-ms="3918" started-at="2020-08-09T03:11:57Z" finished-at="2020-08-09T03:12:01Z">
          <reporter-output>
          </reporter-output>
        </test-method> <!-- App22 -->
        <test-method status="PASS" signature="App222()[pri:0, instance:allureTest.AllureReportsDemo@5e955596]" name="App222" duration-ms="4200" started-at="2020-08-09T03:12:01Z" finished-at="2020-08-09T03:12:05Z">
          <reporter-output>
          </reporter-output>
        </test-method> <!-- App222 -->
        <test-method status="PASS" signature="Bal()[pri:0, instance:allureTest.AllureReportsDemo@5e955596]" name="Bal" duration-ms="4433" started-at="2020-08-09T03:12:05Z" finished-at="2020-08-09T03:12:09Z">
          <reporter-output>
          </reporter-output>
        </test-method> <!-- Bal -->
        <test-method status="PASS" signature="Bal2()[pri:0, instance:allureTest.AllureReportsDemo@5e955596]" name="Bal2" duration-ms="4730" started-at="2020-08-09T03:12:09Z" finished-at="2020-08-09T03:12:14Z">
          <reporter-output>
          </reporter-output>
        </test-method> <!-- Bal2 -->
        <test-method status="PASS" signature="Bal22()[pri:0, instance:allureTest.AllureReportsDemo@5e955596]" name="Bal22" duration-ms="4677" started-at="2020-08-09T03:12:14Z" finished-at="2020-08-09T03:12:19Z">
          <reporter-output>
          </reporter-output>
        </test-method> <!-- Bal22 -->
        <test-method status="PASS" signature="Bal222()[pri:0, instance:allureTest.AllureReportsDemo@5e955596]" name="Bal222" duration-ms="3770" started-at="2020-08-09T03:12:19Z" finished-at="2020-08-09T03:12:23Z">
          <reporter-output>
          </reporter-output>
        </test-method> <!-- Bal222 -->
        <test-method status="PASS" signature="Cat()[pri:0, instance:allureTest.AllureReportsDemo@5e955596]" name="Cat" duration-ms="17939" started-at="2020-08-09T03:12:23Z" finished-at="2020-08-09T03:12:40Z">
          <reporter-output>
          </reporter-output>
        </test-method> <!-- Cat -->
        <test-method status="PASS" signature="Cat2()[pri:0, instance:allureTest.AllureReportsDemo@5e955596]" name="Cat2" duration-ms="9564" started-at="2020-08-09T03:12:40Z" finished-at="2020-08-09T03:12:50Z">
          <reporter-output>
          </reporter-output>
        </test-method> <!-- Cat2 -->
        <test-method status="PASS" signature="Cat22()[pri:0, instance:allureTest.AllureReportsDemo@5e955596]" name="Cat22" duration-ms="8743" started-at="2020-08-09T03:12:50Z" finished-at="2020-08-09T03:12:59Z">
          <reporter-output>
          </reporter-output>
        </test-method> <!-- Cat22 -->
        <test-method status="PASS" signature="Cat2222()[pri:0, instance:allureTest.AllureReportsDemo@5e955596]" name="Cat2222" duration-ms="15759" started-at="2020-08-09T03:12:59Z" finished-at="2020-08-09T03:13:15Z">
          <reporter-output>
          </reporter-output>
        </test-method> <!-- Cat2222 -->
        <test-method status="PASS" signature="Dog()[pri:0, instance:allureTest.AllureReportsDemo@5e955596]" name="Dog" duration-ms="25681" started-at="2020-08-09T03:13:15Z" finished-at="2020-08-09T03:13:40Z">
          <reporter-output>
          </reporter-output>
        </test-method> <!-- Dog -->
        <test-method status="FAIL" signature="Dog2()[pri:0, instance:allureTest.AllureReportsDemo@5e955596]" name="Dog2" duration-ms="9658" started-at="2020-08-09T03:13:40Z" finished-at="2020-08-09T03:13:50Z">
          <exception class="org.openqa.selenium.WebDriverException">
            <message>
              <![CDATA[Reached error page: about:neterror?e=dnsNotFound&u=https%3A//demo.opencartsd.com/&c=UTF-8&d=We%20can%E2%80%99t%20connect%20to%20the%20server%20at%20demo.opencartsd.com.
Build info: version: '3.141.59', revision: 'e82be7d358', time: '2018-11-14T08:17:03'
System info: host: 'DESKTOP-OR6VU5V', ip: '192.168.2.5', os.name: 'Windows 10', os.arch: 'amd64', os.version: '10.0', java.version: '1.8.0_202'
Driver info: org.openqa.selenium.firefox.FirefoxDriver
Capabilities {acceptInsecureCerts: true, browserName: firefox, browserVersion: 79.0, javascriptEnabled: true, moz:accessibilityChecks: false, moz:buildID: 20200720193547, moz:geckodriverVersion: 0.27.0, moz:headless: false, moz:processID: 36328, moz:profile: C:\Users\bnuft\AppData\Loca..., moz:shutdownTimeout: 60000, moz:useNonSpecCompliantPointerOrigin: false, moz:webdriverClick: true, pageLoadStrategy: normal, platform: WINDOWS, platformName: WINDOWS, platformVersion: 10.0, rotatable: false, setWindowRect: true, strictFileInteractability: false, timeouts: {implicit: 0, pageLoad: 300000, script: 30000}, unhandledPromptBehavior: dismiss and notify}
Session ID: aa4cf4f2-c38c-4130-bd00-8d272363d167]]>
            </message>
            <full-stacktrace>
              <![CDATA[org.openqa.selenium.WebDriverException: Reached error page: about:neterror?e=dnsNotFound&u=https%3A//demo.opencartsd.com/&c=UTF-8&d=We%20can%E2%80%99t%20connect%20to%20the%20server%20at%20demo.opencartsd.com.
Build info: version: '3.141.59', revision: 'e82be7d358', time: '2018-11-14T08:17:03'
System info: host: 'DESKTOP-OR6VU5V', ip: '192.168.2.5', os.name: 'Windows 10', os.arch: 'amd64', os.version: '10.0', java.version: '1.8.0_202'
Driver info: org.openqa.selenium.firefox.FirefoxDriver
Capabilities {acceptInsecureCerts: true, browserName: firefox, browserVersion: 79.0, javascriptEnabled: true, moz:accessibilityChecks: false, moz:buildID: 20200720193547, moz:geckodriverVersion: 0.27.0, moz:headless: false, moz:processID: 36328, moz:profile: C:\Users\bnuft\AppData\Loca..., moz:shutdownTimeout: 60000, moz:useNonSpecCompliantPointerOrigin: false, moz:webdriverClick: true, pageLoadStrategy: normal, platform: WINDOWS, platformName: WINDOWS, platformVersion: 10.0, rotatable: false, setWindowRect: true, strictFileInteractability: false, timeouts: {implicit: 0, pageLoad: 300000, script: 30000}, unhandledPromptBehavior: dismiss and notify}
Session ID: aa4cf4f2-c38c-4130-bd00-8d272363d167
	at sun.reflect.NativeConstructorAccessorImpl.newInstance0(Native Method)
	at sun.reflect.NativeConstructorAccessorImpl.newInstance(NativeConstructorAccessorImpl.java:62)
	at sun.reflect.DelegatingConstructorAccessorImpl.newInstance(DelegatingConstructorAccessorImpl.java:45)
	at java.lang.reflect.Constructor.newInstance(Constructor.java:423)
	at org.openqa.selenium.remote.http.W3CHttpResponseCodec.createException(W3CHttpResponseCodec.java:187)
	at org.openqa.selenium.remote.http.W3CHttpResponseCodec.decode(W3CHttpResponseCodec.java:122)
	at org.openqa.selenium.remote.http.W3CHttpResponseCodec.decode(W3CHttpResponseCodec.java:49)
	at org.openqa.selenium.remote.HttpCommandExecutor.execute(HttpCommandExecutor.java:158)
	at org.openqa.selenium.remote.service.DriverCommandExecutor.execute(DriverCommandExecutor.java:83)
	at org.openqa.selenium.remote.RemoteWebDriver.execute(RemoteWebDriver.java:552)
	at org.openqa.selenium.remote.RemoteWebDriver.get(RemoteWebDriver.java:277)
	at allureTest.AllureReportsDemo.Dog2(AllureReportsDemo.java:103)
	at sun.reflect.NativeMethodAccessorImpl.invoke0(Native Method)
	at sun.reflect.NativeMethodAccessorImpl.invoke(NativeMethodAccessorImpl.java:62)
	at sun.reflect.DelegatingMethodAccessorImpl.invoke(DelegatingMethodAccessorImpl.java:43)
	at java.lang.reflect.Method.invoke(Method.java:498)
	at org.testng.internal.MethodInvocationHelper.invokeMethod(MethodInvocationHelper.java:86)
	at org.testng.internal.Invoker.invokeMethod(Invoker.java:645)
	at org.testng.internal.Invoker.invokeTestMethod(Invoker.java:822)
	at org.testng.internal.Invoker.invokeTestMethods(Invoker.java:1130)
	at org.testng.internal.TestMethodWorker.invokeTestMethods(TestMethodWorker.java:129)
	at org.testng.internal.TestMethodWorker.run(TestMethodWorker.java:112)
	at org.testng.TestRunner.privateRun(TestRunner.java:782)
	at org.testng.TestRunner.run(TestRunner.java:632)
	at org.testng.SuiteRunner.runTest(SuiteRunner.java:366)
	at org.testng.SuiteRunner.runSequentially(SuiteRunner.java:361)
	at org.testng.SuiteRunner.privateRun(SuiteRunner.java:319)
	at org.testng.SuiteRunner.run(SuiteRunner.java:268)
	at org.testng.SuiteRunnerWorker.runSuite(SuiteRunnerWorker.java:52)
	at org.testng.SuiteRunnerWorker.run(SuiteRunnerWorker.java:86)
	at org.testng.TestNG.runSuitesSequentially(TestNG.java:1244)
	at org.testng.TestNG.runSuitesLocally(TestNG.java:1169)
	at org.testng.TestNG.run(TestNG.java:1064)
	at org.testng.remote.RemoteTestNG.run(RemoteTestNG.java:113)
	at org.testng.remote.RemoteTestNG.initAndRun(RemoteTestNG.java:206)
	at org.testng.remote.RemoteTestNG.main(RemoteTestNG.java:177)
]]>
            </full-stacktrace>
          </exception> <!-- org.openqa.selenium.WebDriverException -->
          <reporter-output>
          </reporter-output>
        </test-method> <!-- Dog2 -->
        <test-method status="FAIL" signature="Dog22()[pri:0, instance:allureTest.AllureReportsDemo@5e955596]" name="Dog22" duration-ms="14320" started-at="2020-08-09T03:13:50Z" finished-at="2020-08-09T03:14:04Z">
          <exception class="org.openqa.selenium.WebDriverException">
            <message>
              <![CDATA[Reached error page: about:neterror?e=dnsNotFound&u=https%3A//demo.opencartsd.com/&c=UTF-8&d=We%20can%E2%80%99t%20connect%20to%20the%20server%20at%20demo.opencartsd.com.
Build info: version: '3.141.59', revision: 'e82be7d358', time: '2018-11-14T08:17:03'
System info: host: 'DESKTOP-OR6VU5V', ip: '192.168.2.5', os.name: 'Windows 10', os.arch: 'amd64', os.version: '10.0', java.version: '1.8.0_202'
Driver info: org.openqa.selenium.firefox.FirefoxDriver
Capabilities {acceptInsecureCerts: true, browserName: firefox, browserVersion: 79.0, javascriptEnabled: true, moz:accessibilityChecks: false, moz:buildID: 20200720193547, moz:geckodriverVersion: 0.27.0, moz:headless: false, moz:processID: 38452, moz:profile: C:\Users\bnuft\AppData\Loca..., moz:shutdownTimeout: 60000, moz:useNonSpecCompliantPointerOrigin: false, moz:webdriverClick: true, pageLoadStrategy: normal, platform: WINDOWS, platformName: WINDOWS, platformVersion: 10.0, rotatable: false, setWindowRect: true, strictFileInteractability: false, timeouts: {implicit: 0, pageLoad: 300000, script: 30000}, unhandledPromptBehavior: dismiss and notify}
Session ID: 0656d1e7-3a10-414f-be05-c0033c2d0fe5]]>
            </message>
            <full-stacktrace>
              <![CDATA[org.openqa.selenium.WebDriverException: Reached error page: about:neterror?e=dnsNotFound&u=https%3A//demo.opencartsd.com/&c=UTF-8&d=We%20can%E2%80%99t%20connect%20to%20the%20server%20at%20demo.opencartsd.com.
Build info: version: '3.141.59', revision: 'e82be7d358', time: '2018-11-14T08:17:03'
System info: host: 'DESKTOP-OR6VU5V', ip: '192.168.2.5', os.name: 'Windows 10', os.arch: 'amd64', os.version: '10.0', java.version: '1.8.0_202'
Driver info: org.openqa.selenium.firefox.FirefoxDriver
Capabilities {acceptInsecureCerts: true, browserName: firefox, browserVersion: 79.0, javascriptEnabled: true, moz:accessibilityChecks: false, moz:buildID: 20200720193547, moz:geckodriverVersion: 0.27.0, moz:headless: false, moz:processID: 38452, moz:profile: C:\Users\bnuft\AppData\Loca..., moz:shutdownTimeout: 60000, moz:useNonSpecCompliantPointerOrigin: false, moz:webdriverClick: true, pageLoadStrategy: normal, platform: WINDOWS, platformName: WINDOWS, platformVersion: 10.0, rotatable: false, setWindowRect: true, strictFileInteractability: false, timeouts: {implicit: 0, pageLoad: 300000, script: 30000}, unhandledPromptBehavior: dismiss and notify}
Session ID: 0656d1e7-3a10-414f-be05-c0033c2d0fe5
	at sun.reflect.NativeConstructorAccessorImpl.newInstance0(Native Method)
	at sun.reflect.NativeConstructorAccessorImpl.newInstance(NativeConstructorAccessorImpl.java:62)
	at sun.reflect.DelegatingConstructorAccessorImpl.newInstance(DelegatingConstructorAccessorImpl.java:45)
	at java.lang.reflect.Constructor.newInstance(Constructor.java:423)
	at org.openqa.selenium.remote.http.W3CHttpResponseCodec.createException(W3CHttpResponseCodec.java:187)
	at org.openqa.selenium.remote.http.W3CHttpResponseCodec.decode(W3CHttpResponseCodec.java:122)
	at org.openqa.selenium.remote.http.W3CHttpResponseCodec.decode(W3CHttpResponseCodec.java:49)
	at org.openqa.selenium.remote.HttpCommandExecutor.execute(HttpCommandExecutor.java:158)
	at org.openqa.selenium.remote.service.DriverCommandExecutor.execute(DriverCommandExecutor.java:83)
	at org.openqa.selenium.remote.RemoteWebDriver.execute(RemoteWebDriver.java:552)
	at org.openqa.selenium.remote.RemoteWebDriver.get(RemoteWebDriver.java:277)
	at allureTest.AllureReportsDemo.Dog22(AllureReportsDemo.java:203)
	at sun.reflect.NativeMethodAccessorImpl.invoke0(Native Method)
	at sun.reflect.NativeMethodAccessorImpl.invoke(NativeMethodAccessorImpl.java:62)
	at sun.reflect.DelegatingMethodAccessorImpl.invoke(DelegatingMethodAccessorImpl.java:43)
	at java.lang.reflect.Method.invoke(Method.java:498)
	at org.testng.internal.MethodInvocationHelper.invokeMethod(MethodInvocationHelper.java:86)
	at org.testng.internal.Invoker.invokeMethod(Invoker.java:645)
	at org.testng.internal.Invoker.invokeTestMethod(Invoker.java:822)
	at org.testng.internal.Invoker.invokeTestMethods(Invoker.java:1130)
	at org.testng.internal.TestMethodWorker.invokeTestMethods(TestMethodWorker.java:129)
	at org.testng.internal.TestMethodWorker.run(TestMethodWorker.java:112)
	at org.testng.TestRunner.privateRun(TestRunner.java:782)
	at org.testng.TestRunner.run(TestRunner.java:632)
	at org.testng.SuiteRunner.runTest(SuiteRunner.java:366)
	at org.testng.SuiteRunner.runSequentially(SuiteRunner.java:361)
	at org.testng.SuiteRunner.privateRun(SuiteRunner.java:319)
	at org.testng.SuiteRunner.run(SuiteRunner.java:268)
	at org.testng.SuiteRunnerWorker.runSuite(SuiteRunnerWorker.java:52)
	at org.testng.SuiteRunnerWorker.run(SuiteRunnerWorker.java:86)
	at org.testng.TestNG.runSuitesSequentially(TestNG.java:1244)
	at org.testng.TestNG.runSuitesLocally(TestNG.java:1169)
	at org.testng.TestNG.run(TestNG.java:1064)
	at org.testng.remote.RemoteTestNG.run(RemoteTestNG.java:113)
	at org.testng.remote.RemoteTestNG.initAndRun(RemoteTestNG.java:206)
	at org.testng.remote.RemoteTestNG.main(RemoteTestNG.java:177)
]]>
            </full-stacktrace>
          </exception> <!-- org.openqa.selenium.WebDriverException -->
          <reporter-output>
          </reporter-output>
        </test-method> <!-- Dog22 -->
        <test-method status="PASS" signature="Dog222()[pri:0, instance:allureTest.AllureReportsDemo@5e955596]" name="Dog222" duration-ms="30914" started-at="2020-08-09T03:14:04Z" finished-at="2020-08-09T03:14:35Z">
          <reporter-output>
          </reporter-output>
        </test-method> <!-- Dog222 -->
      </class> <!-- allureTest.AllureReportsDemo -->
    </test> <!-- Default test -->
  </suite> <!-- Default suite -->
</testng-results>
